{"C:\\Users\\Benny\\Desktop\\githubSE181\\SE181\\Code\\JEST-TESTING\\Game_ResetTimer.js": {"path":"C:\\Users\\Benny\\Desktop\\githubSE181\\SE181\\Code\\JEST-TESTING\\Game_ResetTimer.js","statementMap":{"0":{"start":{"line":2,"column":18},"end":{"line":2,"column":28}},"1":{"start":{"line":3,"column":4},"end":{"line":3,"column":48}},"2":{"start":{"line":4,"column":4},"end":{"line":4,"column":17}},"3":{"start":{"line":8,"column":0},"end":{"line":8,"column":27}}},"fnMap":{"0":{"name":"ResetTimer","decl":{"start":{"line":1,"column":9},"end":{"line":1,"column":19}},"loc":{"start":{"line":1,"column":22},"end":{"line":5,"column":1}},"line":1}},"branchMap":{},"s":{"0":1,"1":1,"2":1,"3":1},"f":{"0":1},"b":{},"_coverageSchema":"1a1c01bbd47fc00a2c39e90264f33305004495a9","hash":"aa9928dde3ad5abe5971cf147c02fb80367595d4"}
,"C:\\Users\\Benny\\Desktop\\githubSE181\\SE181\\Code\\JEST-TESTING\\Game_displayTimer.js": {"path":"C:\\Users\\Benny\\Desktop\\githubSE181\\SE181\\Code\\JEST-TESTING\\Game_displayTimer.js","statementMap":{"0":{"start":{"line":3,"column":22},"end":{"line":3,"column":32}},"1":{"start":{"line":4,"column":8},"end":{"line":4,"column":55}},"2":{"start":{"line":7,"column":26},"end":{"line":7,"column":46}},"3":{"start":{"line":10,"column":29},"end":{"line":10,"column":48}},"4":{"start":{"line":11,"column":8},"end":{"line":17,"column":9}},"5":{"start":{"line":12,"column":12},"end":{"line":16,"column":13}},"6":{"start":{"line":13,"column":16},"end":{"line":13,"column":75}},"7":{"start":{"line":14,"column":19},"end":{"line":16,"column":13}},"8":{"start":{"line":15,"column":16},"end":{"line":15,"column":75}},"9":{"start":{"line":20,"column":20},"end":{"line":20,"column":91}},"10":{"start":{"line":21,"column":22},"end":{"line":21,"column":83}},"11":{"start":{"line":22,"column":22},"end":{"line":22,"column":71}},"12":{"start":{"line":25,"column":8},"end":{"line":25,"column":63}},"13":{"start":{"line":26,"column":8},"end":{"line":26,"column":21}},"14":{"start":{"line":30,"column":0},"end":{"line":30,"column":29}}},"fnMap":{"0":{"name":"displayTimer","decl":{"start":{"line":1,"column":9},"end":{"line":1,"column":21}},"loc":{"start":{"line":1,"column":38},"end":{"line":28,"column":1}},"line":1}},"branchMap":{"0":{"loc":{"start":{"line":11,"column":8},"end":{"line":17,"column":9}},"type":"if","locations":[{"start":{"line":11,"column":8},"end":{"line":17,"column":9}},{"start":{"line":11,"column":8},"end":{"line":17,"column":9}}],"line":11},"1":{"loc":{"start":{"line":12,"column":12},"end":{"line":16,"column":13}},"type":"if","locations":[{"start":{"line":12,"column":12},"end":{"line":16,"column":13}},{"start":{"line":12,"column":12},"end":{"line":16,"column":13}}],"line":12},"2":{"loc":{"start":{"line":14,"column":19},"end":{"line":16,"column":13}},"type":"if","locations":[{"start":{"line":14,"column":19},"end":{"line":16,"column":13}},{"start":{"line":14,"column":19},"end":{"line":16,"column":13}}],"line":14}},"s":{"0":2,"1":2,"2":2,"3":2,"4":2,"5":0,"6":0,"7":0,"8":0,"9":2,"10":2,"11":2,"12":2,"13":2,"14":1},"f":{"0":2},"b":{"0":[0,2],"1":[0,0],"2":[0,0]},"_coverageSchema":"1a1c01bbd47fc00a2c39e90264f33305004495a9","hash":"32e06166455f32cc68be27507386bac9e204fcf8"}
,"C:\\Users\\Benny\\Desktop\\githubSE181\\SE181\\Code\\JEST-TESTING\\Game_getPlayer.js": {"path":"C:\\Users\\Benny\\Desktop\\githubSE181\\SE181\\Code\\JEST-TESTING\\Game_getPlayer.js","statementMap":{"0":{"start":{"line":2,"column":19},"end":{"line":2,"column":24}},"1":{"start":{"line":3,"column":20},"end":{"line":3,"column":25}},"2":{"start":{"line":4,"column":23},"end":{"line":4,"column":27}},"3":{"start":{"line":5,"column":20},"end":{"line":5,"column":24}},"4":{"start":{"line":6,"column":19},"end":{"line":6,"column":24}},"5":{"start":{"line":7,"column":8},"end":{"line":13,"column":9}},"6":{"start":{"line":8,"column":25},"end":{"line":8,"column":102}},"7":{"start":{"line":9,"column":15},"end":{"line":13,"column":9}},"8":{"start":{"line":10,"column":25},"end":{"line":10,"column":77}},"9":{"start":{"line":12,"column":25},"end":{"line":12,"column":35}},"10":{"start":{"line":14,"column":8},"end":{"line":14,"column":22}},"11":{"start":{"line":17,"column":0},"end":{"line":17,"column":26}}},"fnMap":{"0":{"name":"getPlayer","decl":{"start":{"line":1,"column":9},"end":{"line":1,"column":18}},"loc":{"start":{"line":1,"column":26},"end":{"line":15,"column":5}},"line":1}},"branchMap":{"0":{"loc":{"start":{"line":7,"column":8},"end":{"line":13,"column":9}},"type":"if","locations":[{"start":{"line":7,"column":8},"end":{"line":13,"column":9}},{"start":{"line":7,"column":8},"end":{"line":13,"column":9}}],"line":7},"1":{"loc":{"start":{"line":9,"column":15},"end":{"line":13,"column":9}},"type":"if","locations":[{"start":{"line":9,"column":15},"end":{"line":13,"column":9}},{"start":{"line":9,"column":15},"end":{"line":13,"column":9}}],"line":9}},"s":{"0":3,"1":3,"2":3,"3":3,"4":3,"5":3,"6":1,"7":2,"8":1,"9":1,"10":3,"11":1},"f":{"0":3},"b":{"0":[1,2],"1":[1,1]},"_coverageSchema":"1a1c01bbd47fc00a2c39e90264f33305004495a9","hash":"41c78bd930b69b18aa670a80ff63084f089552ad"}
,"C:\\Users\\Benny\\Desktop\\githubSE181\\SE181\\Code\\JEST-TESTING\\Game_move.js": {"path":"C:\\Users\\Benny\\Desktop\\githubSE181\\SE181\\Code\\JEST-TESTING\\Game_move.js","statementMap":{"0":{"start":{"line":2,"column":15},"end":{"line":2,"column":20}},"1":{"start":{"line":4,"column":17},"end":{"line":4,"column":19}},"2":{"start":{"line":6,"column":17},"end":{"line":6,"column":22}},"3":{"start":{"line":8,"column":4},"end":{"line":8,"column":19}},"4":{"start":{"line":11,"column":4},"end":{"line":17,"column":5}},"5":{"start":{"line":12,"column":8},"end":{"line":12,"column":23}},"6":{"start":{"line":13,"column":11},"end":{"line":17,"column":5}},"7":{"start":{"line":14,"column":8},"end":{"line":14,"column":20}},"8":{"start":{"line":16,"column":8},"end":{"line":16,"column":19}},"9":{"start":{"line":19,"column":4},"end":{"line":19,"column":53}},"10":{"start":{"line":22,"column":0},"end":{"line":22,"column":21}}},"fnMap":{"0":{"name":"move","decl":{"start":{"line":1,"column":9},"end":{"line":1,"column":13}},"loc":{"start":{"line":1,"column":21},"end":{"line":20,"column":1}},"line":1}},"branchMap":{"0":{"loc":{"start":{"line":11,"column":4},"end":{"line":17,"column":5}},"type":"if","locations":[{"start":{"line":11,"column":4},"end":{"line":17,"column":5}},{"start":{"line":11,"column":4},"end":{"line":17,"column":5}}],"line":11},"1":{"loc":{"start":{"line":13,"column":11},"end":{"line":17,"column":5}},"type":"if","locations":[{"start":{"line":13,"column":11},"end":{"line":17,"column":5}},{"start":{"line":13,"column":11},"end":{"line":17,"column":5}}],"line":13}},"s":{"0":3,"1":3,"2":3,"3":3,"4":3,"5":1,"6":2,"7":1,"8":1,"9":2,"10":1},"f":{"0":3},"b":{"0":[1,2],"1":[1,1]},"_coverageSchema":"1a1c01bbd47fc00a2c39e90264f33305004495a9","hash":"8ba1461307630d33f1c6d1bf6055abf85554517a"}
,"C:\\Users\\Benny\\Desktop\\githubSE181\\SE181\\Code\\JEST-TESTING\\Game_setSession.js": {"path":"C:\\Users\\Benny\\Desktop\\githubSE181\\SE181\\Code\\JEST-TESTING\\Game_setSession.js","statementMap":{"0":{"start":{"line":2,"column":22},"end":{"line":2,"column":86}},"1":{"start":{"line":3,"column":26},"end":{"line":3,"column":28}},"2":{"start":{"line":4,"column":4},"end":{"line":6,"column":5}},"3":{"start":{"line":4,"column":17},"end":{"line":4,"column":18}},"4":{"start":{"line":5,"column":8},"end":{"line":5,"column":94}},"5":{"start":{"line":8,"column":4},"end":{"line":8,"column":27}},"6":{"start":{"line":11,"column":0},"end":{"line":11,"column":27}}},"fnMap":{"0":{"name":"setSession","decl":{"start":{"line":1,"column":9},"end":{"line":1,"column":19}},"loc":{"start":{"line":1,"column":22},"end":{"line":9,"column":1}},"line":1}},"branchMap":{},"s":{"0":1,"1":1,"2":1,"3":1,"4":5,"5":1,"6":1},"f":{"0":1},"b":{},"_coverageSchema":"1a1c01bbd47fc00a2c39e90264f33305004495a9","hash":"b17199fb7369e8647684832ebd5711fce05c5378"}
,"C:\\Users\\Benny\\Desktop\\githubSE181\\SE181\\Code\\JEST-TESTING\\Game_setUser.js": {"path":"C:\\Users\\Benny\\Desktop\\githubSE181\\SE181\\Code\\JEST-TESTING\\Game_setUser.js","statementMap":{"0":{"start":{"line":3,"column":4},"end":{"line":9,"column":5}},"1":{"start":{"line":4,"column":21},"end":{"line":4,"column":94}},"2":{"start":{"line":5,"column":11},"end":{"line":9,"column":5}},"3":{"start":{"line":6,"column":21},"end":{"line":6,"column":69}},"4":{"start":{"line":8,"column":21},"end":{"line":8,"column":31}},"5":{"start":{"line":10,"column":4},"end":{"line":10,"column":18}},"6":{"start":{"line":13,"column":0},"end":{"line":13,"column":24}}},"fnMap":{"0":{"name":"setUser","decl":{"start":{"line":1,"column":9},"end":{"line":1,"column":16}},"loc":{"start":{"line":1,"column":23},"end":{"line":11,"column":1}},"line":1}},"branchMap":{"0":{"loc":{"start":{"line":3,"column":4},"end":{"line":9,"column":5}},"type":"if","locations":[{"start":{"line":3,"column":4},"end":{"line":9,"column":5}},{"start":{"line":3,"column":4},"end":{"line":9,"column":5}}],"line":3},"1":{"loc":{"start":{"line":5,"column":11},"end":{"line":9,"column":5}},"type":"if","locations":[{"start":{"line":5,"column":11},"end":{"line":9,"column":5}},{"start":{"line":5,"column":11},"end":{"line":9,"column":5}}],"line":5}},"s":{"0":4,"1":1,"2":3,"3":1,"4":2,"5":4,"6":1},"f":{"0":4},"b":{"0":[1,3],"1":[1,2]},"_coverageSchema":"1a1c01bbd47fc00a2c39e90264f33305004495a9","hash":"766ebec58b2122285367f619e163ce6b6b0a34b9"}
,"C:\\Users\\Benny\\Desktop\\githubSE181\\SE181\\Code\\JEST-TESTING\\Game_take.js": {"path":"C:\\Users\\Benny\\Desktop\\githubSE181\\SE181\\Code\\JEST-TESTING\\Game_take.js","statementMap":{"0":{"start":{"line":2,"column":17},"end":{"line":2,"column":19}},"1":{"start":{"line":3,"column":4},"end":{"line":9,"column":5}},"2":{"start":{"line":4,"column":8},"end":{"line":4,"column":24}},"3":{"start":{"line":5,"column":11},"end":{"line":9,"column":5}},"4":{"start":{"line":6,"column":8},"end":{"line":6,"column":22}},"5":{"start":{"line":8,"column":8},"end":{"line":8,"column":19}},"6":{"start":{"line":10,"column":17},"end":{"line":10,"column":22}},"7":{"start":{"line":12,"column":4},"end":{"line":12,"column":37}},"8":{"start":{"line":15,"column":0},"end":{"line":15,"column":21}}},"fnMap":{"0":{"name":"take","decl":{"start":{"line":1,"column":9},"end":{"line":1,"column":13}},"loc":{"start":{"line":1,"column":21},"end":{"line":13,"column":1}},"line":1}},"branchMap":{"0":{"loc":{"start":{"line":3,"column":4},"end":{"line":9,"column":5}},"type":"if","locations":[{"start":{"line":3,"column":4},"end":{"line":9,"column":5}},{"start":{"line":3,"column":4},"end":{"line":9,"column":5}}],"line":3},"1":{"loc":{"start":{"line":5,"column":11},"end":{"line":9,"column":5}},"type":"if","locations":[{"start":{"line":5,"column":11},"end":{"line":9,"column":5}},{"start":{"line":5,"column":11},"end":{"line":9,"column":5}}],"line":5}},"s":{"0":3,"1":3,"2":1,"3":2,"4":1,"5":1,"6":2,"7":2,"8":1},"f":{"0":3},"b":{"0":[1,2],"1":[1,1]},"_coverageSchema":"1a1c01bbd47fc00a2c39e90264f33305004495a9","hash":"3d3493727b03d51ed4ec1c52b4485a3a17a3c7a4"}
,"C:\\Users\\Benny\\Desktop\\githubSE181\\SE181\\Code\\JEST-TESTING\\Main_CreateGame.js": {"path":"C:\\Users\\Benny\\Desktop\\githubSE181\\SE181\\Code\\JEST-TESTING\\Main_CreateGame.js","statementMap":{"0":{"start":{"line":2,"column":26},"end":{"line":2,"column":30}},"1":{"start":{"line":3,"column":17},"end":{"line":3,"column":19}},"2":{"start":{"line":4,"column":4},"end":{"line":8,"column":5}},"3":{"start":{"line":5,"column":8},"end":{"line":5,"column":22}},"4":{"start":{"line":7,"column":8},"end":{"line":7,"column":55}},"5":{"start":{"line":10,"column":4},"end":{"line":10,"column":17}},"6":{"start":{"line":13,"column":0},"end":{"line":13,"column":27}}},"fnMap":{"0":{"name":"createGame","decl":{"start":{"line":1,"column":9},"end":{"line":1,"column":19}},"loc":{"start":{"line":1,"column":25},"end":{"line":11,"column":1}},"line":1}},"branchMap":{"0":{"loc":{"start":{"line":4,"column":4},"end":{"line":8,"column":5}},"type":"if","locations":[{"start":{"line":4,"column":4},"end":{"line":8,"column":5}},{"start":{"line":4,"column":4},"end":{"line":8,"column":5}}],"line":4}},"s":{"0":2,"1":2,"2":2,"3":1,"4":1,"5":2,"6":1},"f":{"0":2},"b":{"0":[1,1]},"_coverageSchema":"1a1c01bbd47fc00a2c39e90264f33305004495a9","hash":"fdb5c734f4dfd5c3b8bac17d921aff8f37c82add"}
,"C:\\Users\\Benny\\Desktop\\githubSE181\\SE181\\Code\\JEST-TESTING\\Main_Join.js": {"path":"C:\\Users\\Benny\\Desktop\\githubSE181\\SE181\\Code\\JEST-TESTING\\Main_Join.js","statementMap":{"0":{"start":{"line":2,"column":4},"end":{"line":4,"column":5}},"1":{"start":{"line":3,"column":8},"end":{"line":3,"column":19}},"2":{"start":{"line":5,"column":19},"end":{"line":5,"column":23}},"3":{"start":{"line":6,"column":4},"end":{"line":6,"column":42}},"4":{"start":{"line":9,"column":0},"end":{"line":9,"column":21}}},"fnMap":{"0":{"name":"Join","decl":{"start":{"line":1,"column":9},"end":{"line":1,"column":13}},"loc":{"start":{"line":1,"column":19},"end":{"line":7,"column":1}},"line":1}},"branchMap":{"0":{"loc":{"start":{"line":2,"column":4},"end":{"line":4,"column":5}},"type":"if","locations":[{"start":{"line":2,"column":4},"end":{"line":4,"column":5}},{"start":{"line":2,"column":4},"end":{"line":4,"column":5}}],"line":2}},"s":{"0":2,"1":1,"2":1,"3":1,"4":1},"f":{"0":2},"b":{"0":[1,1]},"_coverageSchema":"1a1c01bbd47fc00a2c39e90264f33305004495a9","hash":"93a7acf2b7cfde46ec2ad41c6ec11161919d1117"}
,"C:\\Users\\Benny\\Desktop\\githubSE181\\SE181\\Code\\JEST-TESTING\\Main_MainMenu.js": {"path":"C:\\Users\\Benny\\Desktop\\githubSE181\\SE181\\Code\\JEST-TESTING\\Main_MainMenu.js","statementMap":{"0":{"start":{"line":2,"column":4},"end":{"line":15,"column":5}},"1":{"start":{"line":3,"column":26},"end":{"line":3,"column":90}},"2":{"start":{"line":4,"column":30},"end":{"line":4,"column":32}},"3":{"start":{"line":5,"column":8},"end":{"line":7,"column":9}},"4":{"start":{"line":5,"column":22},"end":{"line":5,"column":23}},"5":{"start":{"line":6,"column":10},"end":{"line":6,"column":96}},"6":{"start":{"line":8,"column":8},"end":{"line":8,"column":31}},"7":{"start":{"line":10,"column":9},"end":{"line":15,"column":5}},"8":{"start":{"line":11,"column":8},"end":{"line":11,"column":27}},"9":{"start":{"line":13,"column":9},"end":{"line":15,"column":5}},"10":{"start":{"line":14,"column":8},"end":{"line":14,"column":35}},"11":{"start":{"line":18,"column":0},"end":{"line":18,"column":25}}},"fnMap":{"0":{"name":"MainMenu","decl":{"start":{"line":1,"column":9},"end":{"line":1,"column":17}},"loc":{"start":{"line":1,"column":25},"end":{"line":16,"column":1}},"line":1}},"branchMap":{"0":{"loc":{"start":{"line":2,"column":4},"end":{"line":15,"column":5}},"type":"if","locations":[{"start":{"line":2,"column":4},"end":{"line":15,"column":5}},{"start":{"line":2,"column":4},"end":{"line":15,"column":5}}],"line":2},"1":{"loc":{"start":{"line":10,"column":9},"end":{"line":15,"column":5}},"type":"if","locations":[{"start":{"line":10,"column":9},"end":{"line":15,"column":5}},{"start":{"line":10,"column":9},"end":{"line":15,"column":5}}],"line":10},"2":{"loc":{"start":{"line":13,"column":9},"end":{"line":15,"column":5}},"type":"if","locations":[{"start":{"line":13,"column":9},"end":{"line":15,"column":5}},{"start":{"line":13,"column":9},"end":{"line":15,"column":5}}],"line":13}},"s":{"0":3,"1":1,"2":1,"3":1,"4":1,"5":5,"6":1,"7":2,"8":1,"9":1,"10":1,"11":1},"f":{"0":3},"b":{"0":[1,2],"1":[1,1],"2":[1,0]},"_coverageSchema":"1a1c01bbd47fc00a2c39e90264f33305004495a9","hash":"a775803d9460b8b6e2526ea21c5bacb074f7d705"}
,"C:\\Users\\Benny\\Desktop\\githubSE181\\SE181\\Code\\JEST-TESTING\\Main_Rematch.js": {"path":"C:\\Users\\Benny\\Desktop\\githubSE181\\SE181\\Code\\JEST-TESTING\\Main_Rematch.js","statementMap":{"0":{"start":{"line":2,"column":22},"end":{"line":2,"column":86}},"1":{"start":{"line":3,"column":26},"end":{"line":3,"column":28}},"2":{"start":{"line":4,"column":4},"end":{"line":6,"column":5}},"3":{"start":{"line":4,"column":18},"end":{"line":4,"column":19}},"4":{"start":{"line":5,"column":6},"end":{"line":5,"column":92}},"5":{"start":{"line":8,"column":4},"end":{"line":13,"column":5}},"6":{"start":{"line":9,"column":8},"end":{"line":9,"column":53}},"7":{"start":{"line":12,"column":8},"end":{"line":12,"column":28}},"8":{"start":{"line":16,"column":0},"end":{"line":16,"column":24}}},"fnMap":{"0":{"name":"Rematch","decl":{"start":{"line":1,"column":9},"end":{"line":1,"column":16}},"loc":{"start":{"line":1,"column":25},"end":{"line":14,"column":1}},"line":1}},"branchMap":{"0":{"loc":{"start":{"line":8,"column":4},"end":{"line":13,"column":5}},"type":"if","locations":[{"start":{"line":8,"column":4},"end":{"line":13,"column":5}},{"start":{"line":8,"column":4},"end":{"line":13,"column":5}}],"line":8}},"s":{"0":2,"1":2,"2":2,"3":2,"4":10,"5":2,"6":1,"7":1,"8":1},"f":{"0":2},"b":{"0":[1,1]},"_coverageSchema":"1a1c01bbd47fc00a2c39e90264f33305004495a9","hash":"5e13d7cc2fff8042e9b51d875ae760a8873153cd"}
,"C:\\Users\\Benny\\Desktop\\githubSE181\\SE181\\Code\\JEST-TESTING\\Main_declareWinner.js": {"path":"C:\\Users\\Benny\\Desktop\\githubSE181\\SE181\\Code\\JEST-TESTING\\Main_declareWinner.js","statementMap":{"0":{"start":{"line":2,"column":4},"end":{"line":6,"column":5}},"1":{"start":{"line":3,"column":21},"end":{"line":3,"column":77}},"2":{"start":{"line":4,"column":11},"end":{"line":6,"column":5}},"3":{"start":{"line":5,"column":21},"end":{"line":5,"column":51}},"4":{"start":{"line":7,"column":4},"end":{"line":7,"column":17}},"5":{"start":{"line":10,"column":0},"end":{"line":10,"column":30}}},"fnMap":{"0":{"name":"declareWinner","decl":{"start":{"line":1,"column":9},"end":{"line":1,"column":22}},"loc":{"start":{"line":1,"column":25},"end":{"line":8,"column":1}},"line":1}},"branchMap":{"0":{"loc":{"start":{"line":2,"column":4},"end":{"line":6,"column":5}},"type":"if","locations":[{"start":{"line":2,"column":4},"end":{"line":6,"column":5}},{"start":{"line":2,"column":4},"end":{"line":6,"column":5}}],"line":2},"1":{"loc":{"start":{"line":4,"column":11},"end":{"line":6,"column":5}},"type":"if","locations":[{"start":{"line":4,"column":11},"end":{"line":6,"column":5}},{"start":{"line":4,"column":11},"end":{"line":6,"column":5}}],"line":4}},"s":{"0":2,"1":1,"2":1,"3":1,"4":2,"5":1},"f":{"0":2},"b":{"0":[1,1],"1":[1,0]},"_coverageSchema":"1a1c01bbd47fc00a2c39e90264f33305004495a9","hash":"444e2d6607caa964ae03512179e05fb8be72c677"}
}
