TN:
SF:Game_ResetTimer.js
FN:1,ResetTimer
FNF:1
FNH:1
FNDA:1,ResetTimer
DA:2,1
DA:3,1
DA:4,1
DA:8,1
LF:4
LH:4
BRF:0
BRH:0
end_of_record
TN:
SF:Game_displayTimer.js
FN:1,displayTimer
FNF:1
FNH:1
FNDA:2,displayTimer
DA:3,2
DA:4,2
DA:7,2
DA:10,2
DA:11,2
DA:12,0
DA:13,0
DA:14,0
DA:15,0
DA:20,2
DA:21,2
DA:22,2
DA:25,2
DA:26,2
DA:30,1
LF:15
LH:11
BRDA:11,0,0,0
BRDA:11,0,1,2
BRDA:12,1,0,0
BRDA:12,1,1,0
BRDA:14,2,0,0
BRDA:14,2,1,0
BRF:6
BRH:1
end_of_record
TN:
SF:Game_getPlayer.js
FN:1,getPlayer
FNF:1
FNH:1
FNDA:3,getPlayer
DA:2,3
DA:3,3
DA:4,3
DA:5,3
DA:6,3
DA:7,3
DA:8,1
DA:9,2
DA:10,1
DA:12,1
DA:14,3
DA:17,1
LF:12
LH:12
BRDA:7,0,0,1
BRDA:7,0,1,2
BRDA:9,1,0,1
BRDA:9,1,1,1
BRF:4
BRH:4
end_of_record
TN:
SF:Game_move.js
FN:1,move
FNF:1
FNH:1
FNDA:3,move
DA:2,3
DA:4,3
DA:6,3
DA:8,3
DA:11,3
DA:12,1
DA:13,2
DA:14,1
DA:16,1
DA:19,2
DA:22,1
LF:11
LH:11
BRDA:11,0,0,1
BRDA:11,0,1,2
BRDA:13,1,0,1
BRDA:13,1,1,1
BRF:4
BRH:4
end_of_record
TN:
SF:Game_setSession.js
FN:1,setSession
FNF:1
FNH:1
FNDA:1,setSession
DA:2,1
DA:3,1
DA:4,1
DA:5,5
DA:8,1
DA:11,1
LF:6
LH:6
BRF:0
BRH:0
end_of_record
TN:
SF:Game_setUser.js
FN:1,setUser
FNF:1
FNH:1
FNDA:4,setUser
DA:3,4
DA:4,1
DA:5,3
DA:6,1
DA:8,2
DA:10,4
DA:13,1
LF:7
LH:7
BRDA:3,0,0,1
BRDA:3,0,1,3
BRDA:5,1,0,1
BRDA:5,1,1,2
BRF:4
BRH:4
end_of_record
TN:
SF:Game_take.js
FN:1,take
FNF:1
FNH:1
FNDA:3,take
DA:2,3
DA:3,3
DA:4,1
DA:5,2
DA:6,1
DA:8,1
DA:10,2
DA:12,2
DA:15,1
LF:9
LH:9
BRDA:3,0,0,1
BRDA:3,0,1,2
BRDA:5,1,0,1
BRDA:5,1,1,1
BRF:4
BRH:4
end_of_record
TN:
SF:Main_CreateGame.js
FN:1,createGame
FNF:1
FNH:1
FNDA:2,createGame
DA:2,2
DA:3,2
DA:4,2
DA:5,1
DA:7,1
DA:10,2
DA:13,1
LF:7
LH:7
BRDA:4,0,0,1
BRDA:4,0,1,1
BRF:2
BRH:2
end_of_record
TN:
SF:Main_Join.js
FN:1,Join
FNF:1
FNH:1
FNDA:2,Join
DA:2,2
DA:3,1
DA:5,1
DA:6,1
DA:9,1
LF:5
LH:5
BRDA:2,0,0,1
BRDA:2,0,1,1
BRF:2
BRH:2
end_of_record
TN:
SF:Main_MainMenu.js
FN:1,MainMenu
FNF:1
FNH:1
FNDA:3,MainMenu
DA:2,3
DA:3,1
DA:4,1
DA:5,1
DA:6,5
DA:8,1
DA:10,2
DA:11,1
DA:13,1
DA:14,1
DA:18,1
LF:11
LH:11
BRDA:2,0,0,1
BRDA:2,0,1,2
BRDA:10,1,0,1
BRDA:10,1,1,1
BRDA:13,2,0,1
BRDA:13,2,1,0
BRF:6
BRH:5
end_of_record
TN:
SF:Main_Rematch.js
FN:1,Rematch
FNF:1
FNH:1
FNDA:2,Rematch
DA:2,2
DA:3,2
DA:4,2
DA:5,10
DA:8,2
DA:9,1
DA:12,1
DA:16,1
LF:8
LH:8
BRDA:8,0,0,1
BRDA:8,0,1,1
BRF:2
BRH:2
end_of_record
TN:
SF:Main_declareWinner.js
FN:1,declareWinner
FNF:1
FNH:1
FNDA:2,declareWinner
DA:2,2
DA:3,1
DA:4,1
DA:5,1
DA:7,2
DA:10,1
LF:6
LH:6
BRDA:2,0,0,1
BRDA:2,0,1,1
BRDA:4,1,0,1
BRDA:4,1,1,0
BRF:4
BRH:3
end_of_record
